<?xml version="1.0" encoding="UTF-8"?>
<coverage generated="1633919493131" clover="3.2.0">
  <project timestamp="1633919493131" name="All files">
    <metrics statements="17" coveredstatements="17" conditionals="16" coveredconditionals="16" methods="2" coveredmethods="2" elements="35" coveredelements="35" complexity="0" loc="17" ncloc="17" packages="1" files="1" classes="1"/>
    <file name="to_test.js" path="C:\Users\Camila\Documents\ISC\8\Construccion_de_Software_y_Pruebas\Trabajos\Proyecto\FitApp\test\to_test.js">
      <metrics statements="17" coveredstatements="17" conditionals="16" coveredconditionals="16" methods="2" coveredmethods="2"/>
      <line num="2" count="1" type="stmt"/>
      <line num="3" count="6" type="stmt"/>
      <line num="5" count="6" type="cond" truecount="2" falsecount="0"/>
      <line num="6" count="3" type="stmt"/>
      <line num="8" count="6" type="cond" truecount="2" falsecount="0"/>
      <line num="9" count="6" type="cond" truecount="2" falsecount="0"/>
      <line num="11" count="6" type="stmt"/>
      <line num="15" count="1" type="stmt"/>
      <line num="16" count="6" type="stmt"/>
      <line num="18" count="6" type="cond" truecount="2" falsecount="0"/>
      <line num="19" count="5" type="cond" truecount="2" falsecount="0"/>
      <line num="20" count="4" type="cond" truecount="2" falsecount="0"/>
      <line num="21" count="3" type="cond" truecount="2" falsecount="0"/>
      <line num="22" count="2" type="cond" truecount="2" falsecount="0"/>
      <line num="24" count="6" type="stmt"/>
      <line num="28" count="1" type="stmt"/>
      <line num="29" count="1" type="stmt"/>
    </file>
  </project>
</coverage>
