{"C:\\Users\\Camila\\Documents\\ISC\\8\\Construccion_de_Software_y_Pruebas\\Trabajos\\Proyecto\\FitApp\\test\\functions_to_test.js": {"path":"C:\\Users\\Camila\\Documents\\ISC\\8\\Construccion_de_Software_y_Pruebas\\Trabajos\\Proyecto\\FitApp\\test\\functions_to_test.js","statementMap":{"0":{"start":{"line":2,"column":15},"end":{"line":9,"column":1}},"1":{"start":{"line":3,"column":11},"end":{"line":3,"column":39}},"2":{"start":{"line":5,"column":1},"end":{"line":5,"column":22}},"3":{"start":{"line":5,"column":14},"end":{"line":5,"column":22}},"4":{"start":{"line":6,"column":1},"end":{"line":6,"column":26}},"5":{"start":{"line":6,"column":16},"end":{"line":6,"column":26}},"6":{"start":{"line":8,"column":1},"end":{"line":8,"column":35}},"7":{"start":{"line":12,"column":18},"end":{"line":22,"column":1}},"8":{"start":{"line":13,"column":14},"end":{"line":13,"column":15}},"9":{"start":{"line":15,"column":1},"end":{"line":16,"column":84}},"10":{"start":{"line":15,"column":18},"end":{"line":15,"column":95}},"11":{"start":{"line":16,"column":6},"end":{"line":16,"column":84}},"12":{"start":{"line":18,"column":1},"end":{"line":18,"column":28}},"13":{"start":{"line":18,"column":17},"end":{"line":18,"column":28}},"14":{"start":{"line":19,"column":1},"end":{"line":19,"column":32}},"15":{"start":{"line":19,"column":19},"end":{"line":19,"column":32}},"16":{"start":{"line":21,"column":1},"end":{"line":21,"column":38}},"17":{"start":{"line":25,"column":17},"end":{"line":32,"column":1}},"18":{"start":{"line":26,"column":13},"end":{"line":26,"column":70}},"19":{"start":{"line":28,"column":1},"end":{"line":28,"column":26}},"20":{"start":{"line":28,"column":16},"end":{"line":28,"column":26}},"21":{"start":{"line":29,"column":1},"end":{"line":29,"column":30}},"22":{"start":{"line":29,"column":18},"end":{"line":29,"column":30}},"23":{"start":{"line":31,"column":1},"end":{"line":31,"column":37}},"24":{"start":{"line":35,"column":20},"end":{"line":45,"column":1}},"25":{"start":{"line":36,"column":16},"end":{"line":36,"column":18}},"26":{"start":{"line":38,"column":1},"end":{"line":42,"column":34}},"27":{"start":{"line":38,"column":32},"end":{"line":38,"column":45}},"28":{"start":{"line":39,"column":6},"end":{"line":42,"column":34}},"29":{"start":{"line":39,"column":38},"end":{"line":39,"column":51}},"30":{"start":{"line":40,"column":6},"end":{"line":42,"column":34}},"31":{"start":{"line":40,"column":36},"end":{"line":40,"column":49}},"32":{"start":{"line":41,"column":6},"end":{"line":42,"column":34}},"33":{"start":{"line":41,"column":36},"end":{"line":41,"column":49}},"34":{"start":{"line":42,"column":6},"end":{"line":42,"column":34}},"35":{"start":{"line":42,"column":21},"end":{"line":42,"column":34}},"36":{"start":{"line":44,"column":1},"end":{"line":44,"column":17}},"37":{"start":{"line":48,"column":0},"end":{"line":48,"column":24}},"38":{"start":{"line":49,"column":0},"end":{"line":49,"column":30}},"39":{"start":{"line":50,"column":0},"end":{"line":50,"column":28}},"40":{"start":{"line":51,"column":0},"end":{"line":51,"column":34}}},"fnMap":{"0":{"name":"(anonymous_0)","decl":{"start":{"line":2,"column":15},"end":{"line":2,"column":16}},"loc":{"start":{"line":2,"column":35},"end":{"line":9,"column":1}},"line":2},"1":{"name":"(anonymous_1)","decl":{"start":{"line":12,"column":18},"end":{"line":12,"column":19}},"loc":{"start":{"line":12,"column":43},"end":{"line":22,"column":1}},"line":12},"2":{"name":"(anonymous_2)","decl":{"start":{"line":25,"column":17},"end":{"line":25,"column":18}},"loc":{"start":{"line":25,"column":42},"end":{"line":32,"column":1}},"line":25},"3":{"name":"(anonymous_3)","decl":{"start":{"line":35,"column":20},"end":{"line":35,"column":21}},"loc":{"start":{"line":35,"column":29},"end":{"line":45,"column":1}},"line":35}},"branchMap":{"0":{"loc":{"start":{"line":5,"column":1},"end":{"line":5,"column":22}},"type":"if","locations":[{"start":{"line":5,"column":1},"end":{"line":5,"column":22}},{"start":{"line":5,"column":1},"end":{"line":5,"column":22}}],"line":5},"1":{"loc":{"start":{"line":6,"column":1},"end":{"line":6,"column":26}},"type":"if","locations":[{"start":{"line":6,"column":1},"end":{"line":6,"column":26}},{"start":{"line":6,"column":1},"end":{"line":6,"column":26}}],"line":6},"2":{"loc":{"start":{"line":15,"column":1},"end":{"line":16,"column":84}},"type":"if","locations":[{"start":{"line":15,"column":1},"end":{"line":16,"column":84}},{"start":{"line":15,"column":1},"end":{"line":16,"column":84}}],"line":15},"3":{"loc":{"start":{"line":18,"column":1},"end":{"line":18,"column":28}},"type":"if","locations":[{"start":{"line":18,"column":1},"end":{"line":18,"column":28}},{"start":{"line":18,"column":1},"end":{"line":18,"column":28}}],"line":18},"4":{"loc":{"start":{"line":19,"column":1},"end":{"line":19,"column":32}},"type":"if","locations":[{"start":{"line":19,"column":1},"end":{"line":19,"column":32}},{"start":{"line":19,"column":1},"end":{"line":19,"column":32}}],"line":19},"5":{"loc":{"start":{"line":28,"column":1},"end":{"line":28,"column":26}},"type":"if","locations":[{"start":{"line":28,"column":1},"end":{"line":28,"column":26}},{"start":{"line":28,"column":1},"end":{"line":28,"column":26}}],"line":28},"6":{"loc":{"start":{"line":29,"column":1},"end":{"line":29,"column":30}},"type":"if","locations":[{"start":{"line":29,"column":1},"end":{"line":29,"column":30}},{"start":{"line":29,"column":1},"end":{"line":29,"column":30}}],"line":29},"7":{"loc":{"start":{"line":38,"column":1},"end":{"line":42,"column":34}},"type":"if","locations":[{"start":{"line":38,"column":1},"end":{"line":42,"column":34}},{"start":{"line":38,"column":1},"end":{"line":42,"column":34}}],"line":38},"8":{"loc":{"start":{"line":39,"column":6},"end":{"line":42,"column":34}},"type":"if","locations":[{"start":{"line":39,"column":6},"end":{"line":42,"column":34}},{"start":{"line":39,"column":6},"end":{"line":42,"column":34}}],"line":39},"9":{"loc":{"start":{"line":40,"column":6},"end":{"line":42,"column":34}},"type":"if","locations":[{"start":{"line":40,"column":6},"end":{"line":42,"column":34}},{"start":{"line":40,"column":6},"end":{"line":42,"column":34}}],"line":40},"10":{"loc":{"start":{"line":41,"column":6},"end":{"line":42,"column":34}},"type":"if","locations":[{"start":{"line":41,"column":6},"end":{"line":42,"column":34}},{"start":{"line":41,"column":6},"end":{"line":42,"column":34}}],"line":41},"11":{"loc":{"start":{"line":42,"column":6},"end":{"line":42,"column":34}},"type":"if","locations":[{"start":{"line":42,"column":6},"end":{"line":42,"column":34}},{"start":{"line":42,"column":6},"end":{"line":42,"column":34}}],"line":42}},"s":{"0":1,"1":3,"2":3,"3":1,"4":3,"5":1,"6":3,"7":1,"8":6,"9":6,"10":3,"11":3,"12":6,"13":2,"14":6,"15":2,"16":6,"17":1,"18":3,"19":3,"20":1,"21":3,"22":1,"23":3,"24":1,"25":6,"26":6,"27":1,"28":5,"29":1,"30":4,"31":1,"32":3,"33":1,"34":2,"35":1,"36":6,"37":1,"38":1,"39":1,"40":1},"f":{"0":3,"1":6,"2":3,"3":6},"b":{"0":[1,2],"1":[1,2],"2":[3,3],"3":[2,4],"4":[2,4],"5":[1,2],"6":[1,2],"7":[1,5],"8":[1,4],"9":[1,3],"10":[1,2],"11":[1,1]},"_coverageSchema":"1a1c01bbd47fc00a2c39e90264f33305004495a9","hash":"74baf10cbde7fba61e71e35edbdc9150e2baac3e"}
}
