{"C:\\Users\\Camila\\Documents\\ISC\\8\\Construccion_de_Software_y_Pruebas\\Trabajos\\Proyecto\\FitApp\\test\\to_test.js": {"path":"C:\\Users\\Camila\\Documents\\ISC\\8\\Construccion_de_Software_y_Pruebas\\Trabajos\\Proyecto\\FitApp\\test\\to_test.js","statementMap":{"0":{"start":{"line":2,"column":18},"end":{"line":12,"column":1}},"1":{"start":{"line":3,"column":14},"end":{"line":3,"column":15}},"2":{"start":{"line":5,"column":1},"end":{"line":6,"column":84}},"3":{"start":{"line":5,"column":18},"end":{"line":5,"column":95}},"4":{"start":{"line":6,"column":6},"end":{"line":6,"column":84}},"5":{"start":{"line":8,"column":1},"end":{"line":8,"column":28}},"6":{"start":{"line":8,"column":17},"end":{"line":8,"column":28}},"7":{"start":{"line":9,"column":1},"end":{"line":9,"column":32}},"8":{"start":{"line":9,"column":19},"end":{"line":9,"column":32}},"9":{"start":{"line":11,"column":1},"end":{"line":11,"column":38}},"10":{"start":{"line":15,"column":20},"end":{"line":25,"column":1}},"11":{"start":{"line":16,"column":16},"end":{"line":16,"column":18}},"12":{"start":{"line":18,"column":1},"end":{"line":22,"column":34}},"13":{"start":{"line":18,"column":32},"end":{"line":18,"column":45}},"14":{"start":{"line":19,"column":6},"end":{"line":22,"column":34}},"15":{"start":{"line":19,"column":41},"end":{"line":19,"column":54}},"16":{"start":{"line":20,"column":6},"end":{"line":22,"column":34}},"17":{"start":{"line":20,"column":39},"end":{"line":20,"column":52}},"18":{"start":{"line":21,"column":6},"end":{"line":22,"column":34}},"19":{"start":{"line":21,"column":39},"end":{"line":21,"column":52}},"20":{"start":{"line":22,"column":6},"end":{"line":22,"column":34}},"21":{"start":{"line":22,"column":21},"end":{"line":22,"column":34}},"22":{"start":{"line":24,"column":1},"end":{"line":24,"column":17}},"23":{"start":{"line":28,"column":0},"end":{"line":28,"column":30}},"24":{"start":{"line":29,"column":0},"end":{"line":29,"column":34}}},"fnMap":{"0":{"name":"(anonymous_0)","decl":{"start":{"line":2,"column":18},"end":{"line":2,"column":19}},"loc":{"start":{"line":2,"column":43},"end":{"line":12,"column":1}},"line":2},"1":{"name":"(anonymous_1)","decl":{"start":{"line":15,"column":20},"end":{"line":15,"column":21}},"loc":{"start":{"line":15,"column":29},"end":{"line":25,"column":1}},"line":15}},"branchMap":{"0":{"loc":{"start":{"line":5,"column":1},"end":{"line":6,"column":84}},"type":"if","locations":[{"start":{"line":5,"column":1},"end":{"line":6,"column":84}},{"start":{"line":5,"column":1},"end":{"line":6,"column":84}}],"line":5},"1":{"loc":{"start":{"line":8,"column":1},"end":{"line":8,"column":28}},"type":"if","locations":[{"start":{"line":8,"column":1},"end":{"line":8,"column":28}},{"start":{"line":8,"column":1},"end":{"line":8,"column":28}}],"line":8},"2":{"loc":{"start":{"line":9,"column":1},"end":{"line":9,"column":32}},"type":"if","locations":[{"start":{"line":9,"column":1},"end":{"line":9,"column":32}},{"start":{"line":9,"column":1},"end":{"line":9,"column":32}}],"line":9},"3":{"loc":{"start":{"line":18,"column":1},"end":{"line":22,"column":34}},"type":"if","locations":[{"start":{"line":18,"column":1},"end":{"line":22,"column":34}},{"start":{"line":18,"column":1},"end":{"line":22,"column":34}}],"line":18},"4":{"loc":{"start":{"line":19,"column":6},"end":{"line":22,"column":34}},"type":"if","locations":[{"start":{"line":19,"column":6},"end":{"line":22,"column":34}},{"start":{"line":19,"column":6},"end":{"line":22,"column":34}}],"line":19},"5":{"loc":{"start":{"line":20,"column":6},"end":{"line":22,"column":34}},"type":"if","locations":[{"start":{"line":20,"column":6},"end":{"line":22,"column":34}},{"start":{"line":20,"column":6},"end":{"line":22,"column":34}}],"line":20},"6":{"loc":{"start":{"line":21,"column":6},"end":{"line":22,"column":34}},"type":"if","locations":[{"start":{"line":21,"column":6},"end":{"line":22,"column":34}},{"start":{"line":21,"column":6},"end":{"line":22,"column":34}}],"line":21},"7":{"loc":{"start":{"line":22,"column":6},"end":{"line":22,"column":34}},"type":"if","locations":[{"start":{"line":22,"column":6},"end":{"line":22,"column":34}},{"start":{"line":22,"column":6},"end":{"line":22,"column":34}}],"line":22}},"s":{"0":1,"1":6,"2":6,"3":3,"4":3,"5":6,"6":2,"7":6,"8":2,"9":6,"10":1,"11":6,"12":6,"13":1,"14":5,"15":1,"16":4,"17":1,"18":3,"19":1,"20":2,"21":1,"22":6,"23":1,"24":1},"f":{"0":6,"1":6},"b":{"0":[3,3],"1":[2,4],"2":[2,4],"3":[1,5],"4":[1,4],"5":[1,3],"6":[1,2],"7":[1,1]},"_coverageSchema":"1a1c01bbd47fc00a2c39e90264f33305004495a9","hash":"6dd352cc1d37d028b7c4b54da30a6c70b400ef65"}
}
