TN:
SF:test\to_test.js
FN:2,(anonymous_0)
FN:15,(anonymous_1)
FNF:2
FNH:2
FNDA:6,(anonymous_0)
FNDA:6,(anonymous_1)
DA:2,1
DA:3,6
DA:5,6
DA:6,3
DA:8,6
DA:9,6
DA:11,6
DA:15,1
DA:16,6
DA:18,6
DA:19,5
DA:20,4
DA:21,3
DA:22,2
DA:24,6
DA:28,1
DA:29,1
LF:17
LH:17
BRDA:5,0,0,3
BRDA:5,0,1,3
BRDA:8,1,0,2
BRDA:8,1,1,4
BRDA:9,2,0,2
BRDA:9,2,1,4
BRDA:18,3,0,1
BRDA:18,3,1,5
BRDA:19,4,0,1
BRDA:19,4,1,4
BRDA:20,5,0,1
BRDA:20,5,1,3
BRDA:21,6,0,1
BRDA:21,6,1,2
BRDA:22,7,0,1
BRDA:22,7,1,1
BRF:16
BRH:16
end_of_record
