TN:
SF:test\to_test.js
FN:2,(anonymous_0)
FN:16,(anonymous_1)
FNF:2
FNH:2
FNDA:6,(anonymous_0)
FNDA:6,(anonymous_1)
DA:2,1
DA:3,6
DA:5,6
DA:6,3
DA:8,6
DA:10,6
DA:12,6
DA:16,1
DA:17,6
DA:19,6
DA:20,5
DA:21,4
DA:22,3
DA:23,2
DA:25,6
DA:29,1
DA:30,1
LF:17
LH:17
BRDA:5,0,0,3
BRDA:5,0,1,3
BRDA:6,1,0,3
BRDA:6,1,1,0
BRDA:8,2,0,2
BRDA:8,2,1,4
BRDA:10,3,0,2
BRDA:10,3,1,4
BRDA:19,4,0,1
BRDA:19,4,1,5
BRDA:20,5,0,1
BRDA:20,5,1,4
BRDA:21,6,0,1
BRDA:21,6,1,3
BRDA:22,7,0,1
BRDA:22,7,1,2
BRDA:23,8,0,1
BRDA:23,8,1,1
BRF:18
BRH:17
end_of_record
